<?xml version="1.0" encoding="UTF-8"?>
<robot generator="Robot 7.0 (Python 3.10.14 on linux)" generated="2024-04-28T06:41:22.503662" rpa="false" schemaversion="5">
<suite id="s1" name="Sel" source="/home/runner/work/robotsample/robotsample/src/sel">
<suite id="s1-s1" name="Test Sample1" source="/home/runner/work/robotsample/robotsample/src/sel/test_sample1.robot">
<kw name="Start Chrome With Options" type="SETUP">
<kw name="Evaluate" owner="BuiltIn">
<msg time="2024-04-28T06:41:22.686716" level="INFO">${options} = &lt;selenium.webdriver.chrome.options.Options object at 0x7f86c9345ea0&gt;</msg>
<var>${options}</var>
<arg>sys.modules['selenium.webdriver'].ChromeOptions()</arg>
<arg>sys</arg>
<doc>Evaluates the given expression in Python and returns the result.</doc>
<status status="PASS" start="2024-04-28T06:41:22.686332" elapsed="0.000427"/>
</kw>
<kw name="Call Method" owner="BuiltIn">
<arg>${options}</arg>
<arg>add_argument</arg>
<arg>--disable-notifications</arg>
<doc>Calls the named method of the given object with the provided arguments.</doc>
<status status="PASS" start="2024-04-28T06:41:22.686914" elapsed="0.000177"/>
</kw>
<kw name="Call Method" owner="BuiltIn">
<arg>${options}</arg>
<arg>add_argument</arg>
<arg>--disable-infobars</arg>
<doc>Calls the named method of the given object with the provided arguments.</doc>
<status status="PASS" start="2024-04-28T06:41:22.687210" elapsed="0.000145"/>
</kw>
<kw name="Call Method" owner="BuiltIn">
<arg>${options}</arg>
<arg>add_argument</arg>
<arg>--disable-extensions</arg>
<doc>Calls the named method of the given object with the provided arguments.</doc>
<status status="PASS" start="2024-04-28T06:41:22.687467" elapsed="0.000149"/>
</kw>
<kw name="Call Method" owner="BuiltIn">
<arg>${options}</arg>
<arg>add_argument</arg>
<arg>--no-sandbox</arg>
<doc>Calls the named method of the given object with the provided arguments.</doc>
<status status="PASS" start="2024-04-28T06:41:22.687726" elapsed="0.000142"/>
</kw>
<kw name="Call Method" owner="BuiltIn">
<arg>${options}</arg>
<arg>add_argument</arg>
<arg>--headless</arg>
<doc>Calls the named method of the given object with the provided arguments.</doc>
<status status="PASS" start="2024-04-28T06:41:22.687978" elapsed="0.000137"/>
</kw>
<kw name="Call Method" owner="BuiltIn">
<arg>${options}</arg>
<arg>add_argument</arg>
<arg>--disable-dev-shm-usage</arg>
<doc>Calls the named method of the given object with the provided arguments.</doc>
<status status="PASS" start="2024-04-28T06:41:22.688225" elapsed="0.000134"/>
</kw>
<kw name="Call Method" owner="BuiltIn">
<arg>${options}</arg>
<arg>add_argument</arg>
<arg>--log-level\=3</arg>
<doc>Calls the named method of the given object with the provided arguments.</doc>
<status status="PASS" start="2024-04-28T06:41:22.688465" elapsed="0.000164"/>
</kw>
<kw name="Open Browser" owner="SeleniumLibrary">
<msg time="2024-04-28T06:41:22.689026" level="INFO">Opening browser 'chrome' to base url 'https://www.google.com/'.</msg>
<arg>https://www.google.com/</arg>
<arg>browser=chrome</arg>
<arg>options=${options}</arg>
<doc>Opens a new browser instance to the optional ``url``.</doc>
<status status="PASS" start="2024-04-28T06:41:22.688777" elapsed="5.650420"/>
</kw>
<status status="PASS" start="2024-04-28T06:41:22.685568" elapsed="5.653876"/>
</kw>
<test id="s1-s1-t1" name="Starting a browser with a page" line="7">
<kw name="Input Text" owner="SeleniumLibrary">
<msg time="2024-04-28T06:41:28.340747" level="INFO">Typing text 'playwright-robotframework
' into text field 'xpath=//*[@name='q']'.</msg>
<arg>xpath=//*[@name='q']</arg>
<arg>playwright-robotframework\n</arg>
<doc>Types the given ``text`` into the text field identified by ``locator``.</doc>
<status status="PASS" start="2024-04-28T06:41:28.340265" elapsed="0.311336"/>
</kw>
<kw name="Sleep" owner="BuiltIn">
<msg time="2024-04-28T06:41:31.652504" level="INFO">Slept 3 seconds.</msg>
<arg>3s</arg>
<doc>Pauses the test executed for the given time.</doc>
<status status="PASS" start="2024-04-28T06:41:28.651965" elapsed="3.000697"/>
</kw>
<kw name="Get Text" owner="SeleniumLibrary">
<msg time="2024-04-28T06:41:31.672025" level="INFO">${result_stat} = About 74,800 results (0.27 seconds) </msg>
<var>${result_stat}</var>
<arg>id=result-stats</arg>
<doc>Returns the text value of the element identified by ``locator``.</doc>
<status status="PASS" start="2024-04-28T06:41:31.652934" elapsed="0.019143"/>
</kw>
<kw name="Log To Console" owner="BuiltIn">
<arg>${result_stat}</arg>
<doc>Logs the given message to the console.</doc>
<status status="PASS" start="2024-04-28T06:41:31.672303" elapsed="0.000267"/>
</kw>
<status status="PASS" start="2024-04-28T06:41:28.339631" elapsed="3.333132"/>
</test>
<status status="PASS" start="2024-04-28T06:41:22.523321" elapsed="9.149956"/>
</suite>
<suite id="s1-s2" name="Test Scroll01" source="/home/runner/work/robotsample/robotsample/src/sel/test_scroll01.robot">
<test id="s1-s2-t1" name=" Test01_checkbrowser" line="7">
<kw name="Init_Browser" owner="browserwork">
<msg time="2024-04-28T06:41:31.678354" level="INFO">Opening browser 'chrome' to base url 'https://www.google.com/'.</msg>
<arg>url1=https://www.google.com/</arg>
<arg>browser=chrome</arg>
<arg>headless_mode=True</arg>
<status status="PASS" start="2024-04-28T06:41:31.678126" elapsed="5.708868"/>
</kw>
<kw name="Sleep" owner="BuiltIn">
<msg time="2024-04-28T06:41:38.387797" level="INFO">Slept 1 second.</msg>
<arg>1s</arg>
<doc>Pauses the test executed for the given time.</doc>
<status status="PASS" start="2024-04-28T06:41:37.387354" elapsed="1.000610"/>
</kw>
<kw name="Input Text" owner="SeleniumLibrary">
<msg time="2024-04-28T06:41:38.388593" level="INFO">Typing text 'selenium
' into text field 'q'.</msg>
<arg>q</arg>
<arg>selenium\n</arg>
<doc>Types the given ``text`` into the text field identified by ``locator``.</doc>
<status status="PASS" start="2024-04-28T06:41:38.388269" elapsed="1.226006"/>
</kw>
<kw name="Sleep" owner="BuiltIn">
<msg time="2024-04-28T06:41:40.614921" level="INFO">Slept 1 second.</msg>
<arg>1s</arg>
<doc>Pauses the test executed for the given time.</doc>
<status status="PASS" start="2024-04-28T06:41:39.614542" elapsed="1.000529"/>
</kw>
<kw name="scroll vertical by pixel" owner="browserwork">
<msg time="2024-04-28T06:41:40.615790" level="INFO">Executing JavaScript:
window.scrollTo(0,300);
Without any arguments.</msg>
<msg time="2024-04-28T06:41:40.623936" level="INFO">Executing JavaScript:
window.scrollTo(0,300);
Without any arguments.</msg>
<msg time="2024-04-28T06:41:40.628017" level="INFO">Executing JavaScript:
window.scrollTo(0,300);
Without any arguments.</msg>
<msg time="2024-04-28T06:41:40.631680" level="INFO">sample keyword</msg>
<arg>300</arg>
<arg>3</arg>
<status status="PASS" start="2024-04-28T06:41:40.615315" elapsed="0.016464"/>
</kw>
<kw name="Log To Console" owner="BuiltIn">
<arg>\n${EXECDIR}</arg>
<doc>Logs the given message to the console.</doc>
<status status="PASS" start="2024-04-28T06:41:40.632061" elapsed="0.000358"/>
</kw>
<kw name="Sleep" owner="BuiltIn">
<msg time="2024-04-28T06:41:41.633306" level="INFO">Slept 1 second.</msg>
<arg>1s</arg>
<doc>Pauses the test executed for the given time.</doc>
<status status="PASS" start="2024-04-28T06:41:40.632973" elapsed="1.000483"/>
</kw>
<status status="PASS" start="2024-04-28T06:41:31.677671" elapsed="9.956081"/>
</test>
<status status="PASS" start="2024-04-28T06:41:31.673857" elapsed="9.960301"/>
</suite>
<status status="PASS" start="2024-04-28T06:41:22.504517" elapsed="19.130343"/>
</suite>
<statistics>
<total>
<stat pass="2" fail="0" skip="0">All Tests</stat>
</total>
<tag>
</tag>
<suite>
<stat pass="2" fail="0" skip="0" id="s1" name="Sel">Sel</stat>
<stat pass="1" fail="0" skip="0" id="s1-s1" name="Test Sample1">Sel.Test Sample1</stat>
<stat pass="1" fail="0" skip="0" id="s1-s2" name="Test Scroll01">Sel.Test Scroll01</stat>
</suite>
</statistics>
<errors>
</errors>
</robot>
